<?xml version="1.0" encoding="UTF-8"?>
<testng-results skipped="0" failed="0" total="2" passed="2">
  <reporter-output>
  </reporter-output>
  <suite name="Default suite" duration-ms="5183" started-at="2012-12-05T02:40:42Z" finished-at="2012-12-05T02:40:47Z">
    <groups>
    </groups>
    <test name="Default test" duration-ms="5183" started-at="2012-12-05T02:40:42Z" finished-at="2012-12-05T02:40:47Z">
      <class name="org.nees.mustsim.replay.test.server.HttpTest">
        <test-method status="PASS" signature="setup()[pri:0, instance:org.nees.mustsim.replay.test.server.HttpTest@f5e0873]" name="setup" is-config="true" duration-ms="436" started-at="2012-12-04T20:40:42Z" finished-at="2012-12-04T20:40:43Z">
          <reporter-output>
          </reporter-output>
        </test-method> <!-- setup -->
        <test-method status="PASS" signature="testPutQueries()[pri:0, instance:org.nees.mustsim.replay.test.server.HttpTest@f5e0873]" name="testPutQueries" duration-ms="604" started-at="2012-12-04T20:40:43Z" finished-at="2012-12-04T20:40:43Z">
          <reporter-output>
          </reporter-output>
        </test-method> <!-- testPutQueries -->
        <test-method status="PASS" signature="testGetQueries()[pri:0, instance:org.nees.mustsim.replay.test.server.HttpTest@f5e0873]" name="testGetQueries" duration-ms="123" started-at="2012-12-04T20:40:43Z" depends-on-methods="org.nees.mustsim.replay.test.server.HttpTest.testPutQueries" finished-at="2012-12-04T20:40:43Z">
          <reporter-output>
          </reporter-output>
        </test-method> <!-- testGetQueries -->
        <test-method status="PASS" signature="teardown()[pri:0, instance:org.nees.mustsim.replay.test.server.HttpTest@f5e0873]" name="teardown" is-config="true" duration-ms="4004" started-at="2012-12-04T20:40:43Z" finished-at="2012-12-04T20:40:47Z">
          <reporter-output>
          </reporter-output>
        </test-method> <!-- teardown -->
      </class> <!-- org.nees.mustsim.replay.test.server.HttpTest -->
    </test> <!-- Default test -->
  </suite> <!-- Default suite -->
</testng-results>
